<?xml version="1.0" encoding="UTF-8"?>
<!-- Generated by org.testng.reporters.JUnitReportReporter -->
<testsuite hostname="LIN24007907" failures="0" tests="3" name="flipkarttest.sampletest.DummyFlipkartTest" time="10.965" errors="0" timestamp="2022-05-21T14:02:56 IST" skipped="0">
  <testcase classname="flipkarttest.sampletest.DummyFlipkartTest" name="searchPhoneInPage" time="2.749"/>
  <system-out/>
  <testcase classname="flipkarttest.sampletest.DummyFlipkartTest" name="clickOnFirstItem" time="0.715"/>
  <system-out/>
  <testcase classname="flipkarttest.sampletest.DummyFlipkartTest" name="printPriceAddToCart" time="7.501"/>
  <system-out/>
</testsuite> <!-- flipkarttest.sampletest.DummyFlipkartTest -->
