<?xml version="1.0" encoding="UTF-8"?>
<testsuite xmlns:xsi="http://www.w3.org/2001/XMLSchema-instance" xsi:noNamespaceSchemaLocation="https://maven.apache.org/surefire/maven-surefire-plugin/xsd/surefire-test-report.xsd" name="TestSuite" time="16.161" tests="4" errors="0" skipped="0" failures="0">
  <properties>
    <property name="java.specification.version" value="17"/>
    <property name="sun.cpu.isalist" value="amd64"/>
    <property name="sun.jnu.encoding" value="Cp1252"/>
    <property name="java.class.path" value="C:\Users\Akundar\eclipse-workspace\FlipkartSampleTest\target\test-classes;C:\Users\Akundar\eclipse-workspace\FlipkartSampleTest\target\classes;C:\Users\Akundar\.m2\repository\org\seleniumhq\selenium\selenium-java\3.141.59\selenium-java-3.141.59.jar;C:\Users\Akundar\.m2\repository\org\seleniumhq\selenium\selenium-api\3.141.59\selenium-api-3.141.59.jar;C:\Users\Akundar\.m2\repository\org\seleniumhq\selenium\selenium-chrome-driver\3.141.59\selenium-chrome-driver-3.141.59.jar;C:\Users\Akundar\.m2\repository\org\seleniumhq\selenium\selenium-edge-driver\3.141.59\selenium-edge-driver-3.141.59.jar;C:\Users\Akundar\.m2\repository\org\seleniumhq\selenium\selenium-firefox-driver\3.141.59\selenium-firefox-driver-3.141.59.jar;C:\Users\Akundar\.m2\repository\org\seleniumhq\selenium\selenium-ie-driver\3.141.59\selenium-ie-driver-3.141.59.jar;C:\Users\Akundar\.m2\repository\org\seleniumhq\selenium\selenium-opera-driver\3.141.59\selenium-opera-driver-3.141.59.jar;C:\Users\Akundar\.m2\repository\org\seleniumhq\selenium\selenium-remote-driver\3.141.59\selenium-remote-driver-3.141.59.jar;C:\Users\Akundar\.m2\repository\org\seleniumhq\selenium\selenium-safari-driver\3.141.59\selenium-safari-driver-3.141.59.jar;C:\Users\Akundar\.m2\repository\org\seleniumhq\selenium\selenium-support\3.141.59\selenium-support-3.141.59.jar;C:\Users\Akundar\.m2\repository\net\bytebuddy\byte-buddy\1.8.15\byte-buddy-1.8.15.jar;C:\Users\Akundar\.m2\repository\org\apache\commons\commons-exec\1.3\commons-exec-1.3.jar;C:\Users\Akundar\.m2\repository\com\google\guava\guava\25.0-jre\guava-25.0-jre.jar;C:\Users\Akundar\.m2\repository\com\google\code\findbugs\jsr305\1.3.9\jsr305-1.3.9.jar;C:\Users\Akundar\.m2\repository\org\checkerframework\checker-compat-qual\2.0.0\checker-compat-qual-2.0.0.jar;C:\Users\Akundar\.m2\repository\com\google\errorprone\error_prone_annotations\2.1.3\error_prone_annotations-2.1.3.jar;C:\Users\Akundar\.m2\repository\com\google\j2objc\j2objc-annotations\1.1\j2objc-annotations-1.1.jar;C:\Users\Akundar\.m2\repository\org\codehaus\mojo\animal-sniffer-annotations\1.14\animal-sniffer-annotations-1.14.jar;C:\Users\Akundar\.m2\repository\com\squareup\okhttp3\okhttp\3.11.0\okhttp-3.11.0.jar;C:\Users\Akundar\.m2\repository\com\squareup\okio\okio\1.14.0\okio-1.14.0.jar;C:\Users\Akundar\.m2\repository\org\testng\testng\7.4.0\testng-7.4.0.jar;C:\Users\Akundar\.m2\repository\com\beust\jcommander\1.78\jcommander-1.78.jar;C:\Users\Akundar\.m2\repository\org\webjars\jquery\3.5.1\jquery-3.5.1.jar;C:\Users\Akundar\.m2\repository\io\github\bonigarcia\webdrivermanager\5.0.0\webdrivermanager-5.0.0.jar;C:\Users\Akundar\.m2\repository\org\slf4j\slf4j-api\1.7.32\slf4j-api-1.7.32.jar;C:\Users\Akundar\.m2\repository\com\google\code\gson\gson\2.8.8\gson-2.8.8.jar;C:\Users\Akundar\.m2\repository\org\jsoup\jsoup\1.14.2\jsoup-1.14.2.jar;C:\Users\Akundar\.m2\repository\com\github\docker-java\docker-java\3.2.11\docker-java-3.2.11.jar;C:\Users\Akundar\.m2\repository\com\github\docker-java\docker-java-core\3.2.11\docker-java-core-3.2.11.jar;C:\Users\Akundar\.m2\repository\com\github\docker-java\docker-java-api\3.2.11\docker-java-api-3.2.11.jar;C:\Users\Akundar\.m2\repository\com\fasterxml\jackson\core\jackson-annotations\2.10.3\jackson-annotations-2.10.3.jar;C:\Users\Akundar\.m2\repository\commons-io\commons-io\2.6\commons-io-2.6.jar;C:\Users\Akundar\.m2\repository\org\apache\commons\commons-compress\1.20\commons-compress-1.20.jar;C:\Users\Akundar\.m2\repository\commons-lang\commons-lang\2.6\commons-lang-2.6.jar;C:\Users\Akundar\.m2\repository\com\fasterxml\jackson\core\jackson-databind\2.10.3\jackson-databind-2.10.3.jar;C:\Users\Akundar\.m2\repository\com\fasterxml\jackson\core\jackson-core\2.10.3\jackson-core-2.10.3.jar;C:\Users\Akundar\.m2\repository\org\bouncycastle\bcpkix-jdk15on\1.64\bcpkix-jdk15on-1.64.jar;C:\Users\Akundar\.m2\repository\org\bouncycastle\bcprov-jdk15on\1.64\bcprov-jdk15on-1.64.jar;C:\Users\Akundar\.m2\repository\org\slf4j\jcl-over-slf4j\1.7.30\jcl-over-slf4j-1.7.30.jar;C:\Users\Akundar\.m2\repository\com\github\docker-java\docker-java-transport-httpclient5\3.2.11\docker-java-transport-httpclient5-3.2.11.jar;C:\Users\Akundar\.m2\repository\com\github\docker-java\docker-java-transport\3.2.11\docker-java-transport-3.2.11.jar;C:\Users\Akundar\.m2\repository\org\apache\httpcomponents\client5\httpclient5\5.0.3\httpclient5-5.0.3.jar;C:\Users\Akundar\.m2\repository\org\apache\httpcomponents\core5\httpcore5\5.0.2\httpcore5-5.0.2.jar;C:\Users\Akundar\.m2\repository\commons-codec\commons-codec\1.13\commons-codec-1.13.jar;C:\Users\Akundar\.m2\repository\net\java\dev\jna\jna\5.8.0\jna-5.8.0.jar;C:\Users\Akundar\.m2\repository\org\brotli\dec\0.1.2\dec-0.1.2.jar;C:\Users\Akundar\.m2\repository\junit\junit\4.11\junit-4.11.jar;C:\Users\Akundar\.m2\repository\org\hamcrest\hamcrest-core\1.3\hamcrest-core-1.3.jar;"/>
    <property name="java.vm.vendor" value="Oracle Corporation"/>
    <property name="sun.arch.data.model" value="64"/>
    <property name="user.variant" value=""/>
    <property name="java.vendor.url" value="https://java.oracle.com/"/>
    <property name="user.timezone" value="Asia/Calcutta"/>
    <property name="os.name" value="Windows 10"/>
    <property name="java.vm.specification.version" value="17"/>
    <property name="sun.java.launcher" value="SUN_STANDARD"/>
    <property name="user.country" value="IN"/>
    <property name="sun.boot.library.path" value="C:\Users\Akundar\Installers\openjdk-17_windows-x64_bin (1)\jdk-17\bin"/>
    <property name="sun.java.command" value="C:\Users\Akundar\AppData\Local\Temp\surefire5475558667351699609\surefirebooter2638872326693597413.jar C:\Users\Akundar\AppData\Local\Temp\surefire5475558667351699609 2022-05-21T14-02-39_701-jvmRun1 surefire15392543679184319240tmp surefire_012487582519463072181tmp"/>
    <property name="jdk.debug" value="release"/>
    <property name="surefire.test.class.path" value="C:\Users\Akundar\eclipse-workspace\FlipkartSampleTest\target\test-classes;C:\Users\Akundar\eclipse-workspace\FlipkartSampleTest\target\classes;C:\Users\Akundar\.m2\repository\org\seleniumhq\selenium\selenium-java\3.141.59\selenium-java-3.141.59.jar;C:\Users\Akundar\.m2\repository\org\seleniumhq\selenium\selenium-api\3.141.59\selenium-api-3.141.59.jar;C:\Users\Akundar\.m2\repository\org\seleniumhq\selenium\selenium-chrome-driver\3.141.59\selenium-chrome-driver-3.141.59.jar;C:\Users\Akundar\.m2\repository\org\seleniumhq\selenium\selenium-edge-driver\3.141.59\selenium-edge-driver-3.141.59.jar;C:\Users\Akundar\.m2\repository\org\seleniumhq\selenium\selenium-firefox-driver\3.141.59\selenium-firefox-driver-3.141.59.jar;C:\Users\Akundar\.m2\repository\org\seleniumhq\selenium\selenium-ie-driver\3.141.59\selenium-ie-driver-3.141.59.jar;C:\Users\Akundar\.m2\repository\org\seleniumhq\selenium\selenium-opera-driver\3.141.59\selenium-opera-driver-3.141.59.jar;C:\Users\Akundar\.m2\repository\org\seleniumhq\selenium\selenium-remote-driver\3.141.59\selenium-remote-driver-3.141.59.jar;C:\Users\Akundar\.m2\repository\org\seleniumhq\selenium\selenium-safari-driver\3.141.59\selenium-safari-driver-3.141.59.jar;C:\Users\Akundar\.m2\repository\org\seleniumhq\selenium\selenium-support\3.141.59\selenium-support-3.141.59.jar;C:\Users\Akundar\.m2\repository\net\bytebuddy\byte-buddy\1.8.15\byte-buddy-1.8.15.jar;C:\Users\Akundar\.m2\repository\org\apache\commons\commons-exec\1.3\commons-exec-1.3.jar;C:\Users\Akundar\.m2\repository\com\google\guava\guava\25.0-jre\guava-25.0-jre.jar;C:\Users\Akundar\.m2\repository\com\google\code\findbugs\jsr305\1.3.9\jsr305-1.3.9.jar;C:\Users\Akundar\.m2\repository\org\checkerframework\checker-compat-qual\2.0.0\checker-compat-qual-2.0.0.jar;C:\Users\Akundar\.m2\repository\com\google\errorprone\error_prone_annotations\2.1.3\error_prone_annotations-2.1.3.jar;C:\Users\Akundar\.m2\repository\com\google\j2objc\j2objc-annotations\1.1\j2objc-annotations-1.1.jar;C:\Users\Akundar\.m2\repository\org\codehaus\mojo\animal-sniffer-annotations\1.14\animal-sniffer-annotations-1.14.jar;C:\Users\Akundar\.m2\repository\com\squareup\okhttp3\okhttp\3.11.0\okhttp-3.11.0.jar;C:\Users\Akundar\.m2\repository\com\squareup\okio\okio\1.14.0\okio-1.14.0.jar;C:\Users\Akundar\.m2\repository\org\testng\testng\7.4.0\testng-7.4.0.jar;C:\Users\Akundar\.m2\repository\com\beust\jcommander\1.78\jcommander-1.78.jar;C:\Users\Akundar\.m2\repository\org\webjars\jquery\3.5.1\jquery-3.5.1.jar;C:\Users\Akundar\.m2\repository\io\github\bonigarcia\webdrivermanager\5.0.0\webdrivermanager-5.0.0.jar;C:\Users\Akundar\.m2\repository\org\slf4j\slf4j-api\1.7.32\slf4j-api-1.7.32.jar;C:\Users\Akundar\.m2\repository\com\google\code\gson\gson\2.8.8\gson-2.8.8.jar;C:\Users\Akundar\.m2\repository\org\jsoup\jsoup\1.14.2\jsoup-1.14.2.jar;C:\Users\Akundar\.m2\repository\com\github\docker-java\docker-java\3.2.11\docker-java-3.2.11.jar;C:\Users\Akundar\.m2\repository\com\github\docker-java\docker-java-core\3.2.11\docker-java-core-3.2.11.jar;C:\Users\Akundar\.m2\repository\com\github\docker-java\docker-java-api\3.2.11\docker-java-api-3.2.11.jar;C:\Users\Akundar\.m2\repository\com\fasterxml\jackson\core\jackson-annotations\2.10.3\jackson-annotations-2.10.3.jar;C:\Users\Akundar\.m2\repository\commons-io\commons-io\2.6\commons-io-2.6.jar;C:\Users\Akundar\.m2\repository\org\apache\commons\commons-compress\1.20\commons-compress-1.20.jar;C:\Users\Akundar\.m2\repository\commons-lang\commons-lang\2.6\commons-lang-2.6.jar;C:\Users\Akundar\.m2\repository\com\fasterxml\jackson\core\jackson-databind\2.10.3\jackson-databind-2.10.3.jar;C:\Users\Akundar\.m2\repository\com\fasterxml\jackson\core\jackson-core\2.10.3\jackson-core-2.10.3.jar;C:\Users\Akundar\.m2\repository\org\bouncycastle\bcpkix-jdk15on\1.64\bcpkix-jdk15on-1.64.jar;C:\Users\Akundar\.m2\repository\org\bouncycastle\bcprov-jdk15on\1.64\bcprov-jdk15on-1.64.jar;C:\Users\Akundar\.m2\repository\org\slf4j\jcl-over-slf4j\1.7.30\jcl-over-slf4j-1.7.30.jar;C:\Users\Akundar\.m2\repository\com\github\docker-java\docker-java-transport-httpclient5\3.2.11\docker-java-transport-httpclient5-3.2.11.jar;C:\Users\Akundar\.m2\repository\com\github\docker-java\docker-java-transport\3.2.11\docker-java-transport-3.2.11.jar;C:\Users\Akundar\.m2\repository\org\apache\httpcomponents\client5\httpclient5\5.0.3\httpclient5-5.0.3.jar;C:\Users\Akundar\.m2\repository\org\apache\httpcomponents\core5\httpcore5\5.0.2\httpcore5-5.0.2.jar;C:\Users\Akundar\.m2\repository\commons-codec\commons-codec\1.13\commons-codec-1.13.jar;C:\Users\Akundar\.m2\repository\net\java\dev\jna\jna\5.8.0\jna-5.8.0.jar;C:\Users\Akundar\.m2\repository\org\brotli\dec\0.1.2\dec-0.1.2.jar;C:\Users\Akundar\.m2\repository\junit\junit\4.11\junit-4.11.jar;C:\Users\Akundar\.m2\repository\org\hamcrest\hamcrest-core\1.3\hamcrest-core-1.3.jar;"/>
    <property name="sun.cpu.endian" value="little"/>
    <property name="user.home" value="C:\Users\Akundar"/>
    <property name="user.language" value="en"/>
    <property name="java.specification.vendor" value="Oracle Corporation"/>
    <property name="java.version.date" value="2021-09-14"/>
    <property name="java.home" value="C:\Users\Akundar\Installers\openjdk-17_windows-x64_bin (1)\jdk-17"/>
    <property name="file.separator" value="\"/>
    <property name="basedir" value="C:\Users\Akundar\eclipse-workspace\FlipkartSampleTest"/>
    <property name="java.vm.compressedOopsMode" value="Zero based"/>
    <property name="line.separator" value="&#10;"/>
    <property name="java.vm.specification.vendor" value="Oracle Corporation"/>
    <property name="java.specification.name" value="Java Platform API Specification"/>
    <property name="surefire.real.class.path" value="C:\Users\Akundar\AppData\Local\Temp\surefire5475558667351699609\surefirebooter2638872326693597413.jar"/>
    <property name="user.script" value=""/>
    <property name="sun.management.compiler" value="HotSpot 64-Bit Tiered Compilers"/>
    <property name="java.runtime.version" value="17+35-2724"/>
    <property name="user.name" value="akundar"/>
    <property name="path.separator" value=";"/>
    <property name="os.version" value="10.0"/>
    <property name="java.runtime.name" value="OpenJDK Runtime Environment"/>
    <property name="file.encoding" value="Cp1252"/>
    <property name="java.vm.name" value="OpenJDK 64-Bit Server VM"/>
    <property name="localRepository" value="C:\Users\Akundar\.m2\repository"/>
    <property name="java.vendor.url.bug" value="https://bugreport.java.com/bugreport/"/>
    <property name="java.io.tmpdir" value="C:\Users\Akundar\AppData\Local\Temp\"/>
    <property name="java.version" value="17"/>
    <property name="user.dir" value="C:\Users\Akundar\eclipse-workspace\FlipkartSampleTest"/>
    <property name="os.arch" value="amd64"/>
    <property name="java.vm.specification.name" value="Java Virtual Machine Specification"/>
    <property name="sun.os.patch.level" value=""/>
    <property name="native.encoding" value="Cp1252"/>
    <property name="java.library.path" value="C:\Users\Akundar\Installers\openjdk-17_windows-x64_bin (1)\jdk-17\bin;C:\WINDOWS\Sun\Java\bin;C:\WINDOWS\system32;C:\WINDOWS;C:/Users/Akundar/Installers/openjdk-17_windows-x64_bin (1)/jdk-17/bin/server;C:/Users/Akundar/Installers/openjdk-17_windows-x64_bin (1)/jdk-17/bin;C:\Program Files (x86)\RSA SecurID Token Common;C:\Program Files\RSA SecurID Token Common;C:\Program Files (x86)\Common Files\Oracle\Java\javapath;C:\Program Files\Eclipse Foundation\jdk-11.0.12.7-hotspot\bin;C:\Program Files (x86)\Common Files\Oracle\Java\javapath_target_9596750;C:\WINDOWS\system32;C:\WINDOWS;C:\WINDOWS\System32\Wbem;C:\WINDOWS\System32\WindowsPowerShell\v1.0\;C:\WINDOWS\System32\OpenSSH\;C:\Users\Akundar\Installers\openjdk-17_windows-x64_bin (1)\jdk-17\bin;C:\apache-maven-3.8.2-bin (1)\apache-maven-3.8.2\bin;C:\Users\Akundar\Downloads\edgedriver_win64;C:\Program Files\Docker\Docker\resources\bin;C:\ProgramData\DockerDesktop\version-bin;C:\strawberry\c\bin;C:\strawberry\perl\bin;C:\Program Files\nodejs\;C:\Users\Akundar\AppData\Local\Android\Sdk\tools\bin;C:\Users\Akundar\AppData\Local\Android\Sdk\tools;C:\Users\Akundar\AppData\Local\Android\Sdk\platform-tools;C:\Users\Akundar\AppData\Local\Android\Sdk;C:\Program Files\MySQL\MySQL Shell 8.0\bin\;C:\Users\Akundar\AppData\Local\Microsoft\WindowsApps;C:\Users\Akundar\AppData\Local\Programs\Git\cmd;C:\Users\Akundar\AppData\Roaming\npm;C:\WINDOWS\system32;;."/>
    <property name="java.vm.info" value="mixed mode, sharing"/>
    <property name="java.vendor" value="Oracle Corporation"/>
    <property name="java.vm.version" value="17+35-2724"/>
    <property name="sun.io.unicode.encoding" value="UnicodeLittle"/>
    <property name="java.class.version" value="61.0"/>
  </properties>
  <testcase name="searchPhoneInPage" classname="flipkarttest.sampletest.DummyFlipkartTest" time="2.75"/>
  <testcase name="clickOnFirstItem" classname="flipkarttest.sampletest.DummyFlipkartTest" time="0.716"/>
  <testcase name="printPriceAddToCart" classname="flipkarttest.sampletest.DummyFlipkartTest" time="7.501"/>
  <testcase name="shouldAnswerWithTrue on shouldAnswerWithTrue(flipkarttest.sampletest.AppTest)" classname="flipkarttest.sampletest.AppTest" time="0.001"/>
</testsuite>