<?xml version="1.0" encoding="UTF-8"?>
<!-- Generated by org.testng.reporters.JUnitReportReporter -->
<testsuite hostname="LIN24007907" failures="0" tests="1" name="flipkarttest.sampletest.AppTest" time="0.004" errors="0" timestamp="2022-05-21T14:02:56 IST" skipped="0">
  <testcase classname="flipkarttest.sampletest.AppTest" name="shouldAnswerWithTrue" time="0.004"/>
  <system-out/>
</testsuite> <!-- flipkarttest.sampletest.AppTest -->
