<?xml version="1.0" encoding="UTF-8"?>
<!-- Generated by org.testng.reporters.JUnitReportReporter -->
<testsuite hostname="LIN24007907" failures="0" tests="3" name="flipkarttest.sampletest.DummyFlipkartTest" time="10.744" errors="0" timestamp="21 May 2022 08:32:30 GMT" skipped="0">
  <testcase classname="flipkarttest.sampletest.DummyFlipkartTest" name="searchPhoneInPage" time="2.650"/>
  <testcase classname="flipkarttest.sampletest.DummyFlipkartTest" name="clickOnFirstItem" time="0.651"/>
  <testcase classname="flipkarttest.sampletest.DummyFlipkartTest" name="printPriceAddToCart" time="7.443"/>
</testsuite> <!-- flipkarttest.sampletest.DummyFlipkartTest -->
